<?xml version="1.0" encoding="UTF-8"?>
<!-- Generated by org.testng.reporters.JUnitReportReporter -->
<testsuite hostname="LAPTOP-397J5LCD" failures="0" tests="1" name="TestRunner" time="16.433" errors="0" timestamp="2024-05-09T19:17:20 GMT-08:00" skipped="0">
  <testcase classname="TestRunner" name="runScenario" time="16.433"/>
</testsuite> <!-- TestRunner -->
